<?xml version="1.0" encoding="UTF-8"?>
<!-- Generated by org.testng.reporters.JUnitReportReporter -->
<testsuite name="Facebook.Logintothefacebook" tests="4" time="0.119" ignored="0" failures="0" timestamp="11 Mar 2020 16:26:34 GMT" skipped="2" hostname="DESKTOP-AU5HP1K" errors="2">
  <testcase name="setup" time="0.000" classname="Facebook.Logintothefacebook">
    <error type="org.openqa.selenium.SessionNotCreatedException" message="session not created: This version of ChromeDriver only supports Chrome version 78
Build info: version: &#039;3.14.0&#039;, revision: &#039;aacccce0&#039;, time: &#039;2018-08-02T20:19:58.91Z&#039;
System info: host: &#039;DESKTOP-AU5HP1K&#039;, ip: &#039;192.168.1.9&#039;, os.name: &#039;Windows 10&#039;, os.arch: &#039;amd64&#039;, os.version: &#039;10.0&#039;, java.version: &#039;1.8.0_121&#039;
Driver info: driver.version: ChromeDriver
remote stacktrace: Backtrace:
	Ordinal0 [0x00A0A903+1550595]
	Ordinal0 [0x0098A701+1025793]
	Ordinal0 [0x0090C6E5+509669]
	Ordinal0 [0x0089FC68+64616]
	Ordinal0 [0x0089C594+50580]
	Ordinal0 [0x008BACE7+175335]
	Ordinal0 [0x008BA8ED+174317]
	Ordinal0 [0x008B8CDB+167131]
	Ordinal0 [0x008A144A+70730]
	Ordinal0 [0x008A24D0+74960]
	Ordinal0 [0x008A2469+74857]
	Ordinal0 [0x009A42C7+1131207]
	GetHandleVerifier [0x00AA70FD+523789]
	GetHandleVerifier [0x00AA6E90+523168]
	GetHandleVerifier [0x00AAE1E7+552695]
	GetHandleVerifier [0x00AA78FA+525834]
	Ordinal0 [0x0099B7FC+1095676]
	Ordinal0 [0x009A633B+1139515]
	Ordinal0 [0x009A64A3+1139875]
	Ordinal0 [0x009A5425+1135653]
	BaseThreadInitThunk [0x76B06359+25]
	RtlGetAppContainerNamedObjectPath [0x77527B74+228]
	RtlGetAppContainerNamedObjectPath [0x77527B44+180]
">
      <![CDATA[org.openqa.selenium.SessionNotCreatedException: session not created: This version of ChromeDriver only supports Chrome version 78
Build info: version: '3.14.0', revision: 'aacccce0', time: '2018-08-02T20:19:58.91Z'
System info: host: 'DESKTOP-AU5HP1K', ip: '192.168.1.9', os.name: 'Windows 10', os.arch: 'amd64', os.version: '10.0', java.version: '1.8.0_121'
Driver info: driver.version: ChromeDriver
remote stacktrace: Backtrace:
	Ordinal0 [0x00A0A903+1550595]
	Ordinal0 [0x0098A701+1025793]
	Ordinal0 [0x0090C6E5+509669]
	Ordinal0 [0x0089FC68+64616]
	Ordinal0 [0x0089C594+50580]
	Ordinal0 [0x008BACE7+175335]
	Ordinal0 [0x008BA8ED+174317]
	Ordinal0 [0x008B8CDB+167131]
	Ordinal0 [0x008A144A+70730]
	Ordinal0 [0x008A24D0+74960]
	Ordinal0 [0x008A2469+74857]
	Ordinal0 [0x009A42C7+1131207]
	GetHandleVerifier [0x00AA70FD+523789]
	GetHandleVerifier [0x00AA6E90+523168]
	GetHandleVerifier [0x00AAE1E7+552695]
	GetHandleVerifier [0x00AA78FA+525834]
	Ordinal0 [0x0099B7FC+1095676]
	Ordinal0 [0x009A633B+1139515]
	Ordinal0 [0x009A64A3+1139875]
	Ordinal0 [0x009A5425+1135653]
	BaseThreadInitThunk [0x76B06359+25]
	RtlGetAppContainerNamedObjectPath [0x77527B74+228]
	RtlGetAppContainerNamedObjectPath [0x77527B44+180]

	at sun.reflect.NativeConstructorAccessorImpl.newInstance0(Native Method)
	at sun.reflect.NativeConstructorAccessorImpl.newInstance(Unknown Source)
	at sun.reflect.DelegatingConstructorAccessorImpl.newInstance(Unknown Source)
	at java.lang.reflect.Constructor.newInstance(Unknown Source)
	at org.openqa.selenium.remote.W3CHandshakeResponse.lambda$new$0(W3CHandshakeResponse.java:57)
	at org.openqa.selenium.remote.W3CHandshakeResponse.lambda$getResponseFunction$2(W3CHandshakeResponse.java:104)
	at org.openqa.selenium.remote.ProtocolHandshake.lambda$createSession$0(ProtocolHandshake.java:122)
	at java.util.stream.ReferencePipeline$3$1.accept(Unknown Source)
	at java.util.Spliterators$ArraySpliterator.tryAdvance(Unknown Source)
	at java.util.stream.ReferencePipeline.forEachWithCancel(Unknown Source)
	at java.util.stream.AbstractPipeline.copyIntoWithCancel(Unknown Source)
	at java.util.stream.AbstractPipeline.copyInto(Unknown Source)
	at java.util.stream.AbstractPipeline.wrapAndCopyInto(Unknown Source)
	at java.util.stream.FindOps$FindOp.evaluateSequential(Unknown Source)
	at java.util.stream.AbstractPipeline.evaluate(Unknown Source)
	at java.util.stream.ReferencePipeline.findFirst(Unknown Source)
	at org.openqa.selenium.remote.ProtocolHandshake.createSession(ProtocolHandshake.java:125)
	at org.openqa.selenium.remote.ProtocolHandshake.createSession(ProtocolHandshake.java:73)
	at org.openqa.selenium.remote.HttpCommandExecutor.execute(HttpCommandExecutor.java:136)
	at org.openqa.selenium.remote.service.DriverCommandExecutor.execute(DriverCommandExecutor.java:83)
	at org.openqa.selenium.remote.RemoteWebDriver.execute(RemoteWebDriver.java:548)
	at org.openqa.selenium.remote.RemoteWebDriver.startSession(RemoteWebDriver.java:212)
	at org.openqa.selenium.remote.RemoteWebDriver.<init>(RemoteWebDriver.java:130)
	at org.openqa.selenium.chrome.ChromeDriver.<init>(ChromeDriver.java:181)
	at org.openqa.selenium.chrome.ChromeDriver.<init>(ChromeDriver.java:168)
	at org.openqa.selenium.chrome.ChromeDriver.<init>(ChromeDriver.java:123)
	at com.test.automation.uiAutomation.testBase.TestBase.selectBrowser(TestBase.java:104)
	at com.test.automation.uiAutomation.testBase.TestBase.init(TestBase.java:91)
	at Facebook.Logintothefacebook.setup(Logintothefacebook.java:17)
	at sun.reflect.NativeMethodAccessorImpl.invoke0(Native Method)
	at sun.reflect.NativeMethodAccessorImpl.invoke(Unknown Source)
	at sun.reflect.DelegatingMethodAccessorImpl.invoke(Unknown Source)
	at java.lang.reflect.Method.invoke(Unknown Source)
	at org.testng.internal.MethodInvocationHelper.invokeMethod(MethodInvocationHelper.java:104)
	at org.testng.internal.Invoker.invokeConfigurationMethod(Invoker.java:515)
	at org.testng.internal.Invoker.invokeConfigurations(Invoker.java:217)
	at org.testng.internal.Invoker.invokeConfigurations(Invoker.java:144)
	at org.testng.internal.TestMethodWorker.invokeBeforeClassMethods(TestMethodWorker.java:169)
	at org.testng.internal.TestMethodWorker.run(TestMethodWorker.java:108)
	at org.testng.TestRunner.privateRun(TestRunner.java:756)
	at org.testng.TestRunner.run(TestRunner.java:610)
	at org.testng.SuiteRunner.runTest(SuiteRunner.java:387)
	at org.testng.SuiteRunner.runSequentially(SuiteRunner.java:382)
	at org.testng.SuiteRunner.privateRun(SuiteRunner.java:340)
	at org.testng.SuiteRunner.run(SuiteRunner.java:289)
	at org.testng.SuiteRunnerWorker.runSuite(SuiteRunnerWorker.java:52)
	at org.testng.SuiteRunnerWorker.run(SuiteRunnerWorker.java:86)
	at org.testng.TestNG.runSuitesSequentially(TestNG.java:1293)
	at org.testng.TestNG.runSuitesLocally(TestNG.java:1218)
	at org.testng.TestNG.runSuites(TestNG.java:1133)
	at org.testng.TestNG.run(TestNG.java:1104)
	at org.testng.remote.AbstractRemoteTestNG.run(AbstractRemoteTestNG.java:114)
	at org.testng.remote.RemoteTestNG.initAndRun(RemoteTestNG.java:251)
	at org.testng.remote.RemoteTestNG.main(RemoteTestNG.java:77)
]]>
    </error>
  </testcase> <!-- setup -->
  <testcase name="loginface" time="0.114" classname="Facebook.Logintothefacebook">
    <skipped/>
  </testcase> <!-- loginface -->
  <testcase name="endTest" time="0.000" classname="Facebook.Logintothefacebook">
    <error type="java.lang.NullPointerException">
      <![CDATA[java.lang.NullPointerException
	at com.test.automation.uiAutomation.testBase.TestBase.closeBrowser(TestBase.java:307)
	at com.test.automation.uiAutomation.testBase.TestBase.endTest(TestBase.java:300)
	at sun.reflect.NativeMethodAccessorImpl.invoke0(Native Method)
	at sun.reflect.NativeMethodAccessorImpl.invoke(Unknown Source)
	at sun.reflect.DelegatingMethodAccessorImpl.invoke(Unknown Source)
	at java.lang.reflect.Method.invoke(Unknown Source)
	at org.testng.internal.MethodInvocationHelper.invokeMethod(MethodInvocationHelper.java:104)
	at org.testng.internal.Invoker.invokeConfigurationMethod(Invoker.java:515)
	at org.testng.internal.Invoker.invokeConfigurations(Invoker.java:217)
	at org.testng.internal.Invoker.invokeConfigurations(Invoker.java:144)
	at org.testng.internal.TestMethodWorker.invokeAfterClassMethods(TestMethodWorker.java:217)
	at org.testng.internal.TestMethodWorker.run(TestMethodWorker.java:115)
	at org.testng.TestRunner.privateRun(TestRunner.java:756)
	at org.testng.TestRunner.run(TestRunner.java:610)
	at org.testng.SuiteRunner.runTest(SuiteRunner.java:387)
	at org.testng.SuiteRunner.runSequentially(SuiteRunner.java:382)
	at org.testng.SuiteRunner.privateRun(SuiteRunner.java:340)
	at org.testng.SuiteRunner.run(SuiteRunner.java:289)
	at org.testng.SuiteRunnerWorker.runSuite(SuiteRunnerWorker.java:52)
	at org.testng.SuiteRunnerWorker.run(SuiteRunnerWorker.java:86)
	at org.testng.TestNG.runSuitesSequentially(TestNG.java:1293)
	at org.testng.TestNG.runSuitesLocally(TestNG.java:1218)
	at org.testng.TestNG.runSuites(TestNG.java:1133)
	at org.testng.TestNG.run(TestNG.java:1104)
	at org.testng.remote.AbstractRemoteTestNG.run(AbstractRemoteTestNG.java:114)
	at org.testng.remote.RemoteTestNG.initAndRun(RemoteTestNG.java:251)
	at org.testng.remote.RemoteTestNG.main(RemoteTestNG.java:77)
]]>
    </error>
  </testcase> <!-- endTest -->
  <testcase name="loginface1" time="0.005" classname="Facebook.Logintothefacebook">
    <skipped/>
  </testcase> <!-- loginface1 -->
</testsuite> <!-- Facebook.Logintothefacebook -->
